[debug] [2020-04-28T02:55:28.735Z] ----------------------------------------------------------------------
[debug] [2020-04-28T02:55:28.735Z] Command:       C:\Program Files\nodejs\node.exe C:\Users\Prototype\AppData\Roaming\npm\node_modules\firebase-tools\lib\bin\firebase.js init
[debug] [2020-04-28T02:55:28.735Z] CLI Version:   8.1.1
[debug] [2020-04-28T02:55:28.735Z] Platform:      win32
[debug] [2020-04-28T02:55:28.751Z] Node Version:  v12.16.1
[debug] [2020-04-28T02:55:28.751Z] Time:          Mon Apr 27 2020 23:55:28 GMT-0300 (GMT-03:00)
[debug] [2020-04-28T02:55:28.751Z] ----------------------------------------------------------------------
[debug] [2020-04-28T02:55:28.751Z] 
[debug] [2020-04-28T02:55:28.751Z] > command requires scopes: ["email","openid","https://www.googleapis.com/auth/cloudplatformprojects.readonly","https://www.googleapis.com/auth/firebase","https://www.googleapis.com/auth/cloud-platform"]
[debug] [2020-04-28T02:55:28.751Z] > authorizing via signed-in user
[info] 
     ######## #### ########  ######## ########     ###     ######  ########
     ##        ##  ##     ## ##       ##     ##  ##   ##  ##       ##
     ######    ##  ########  ######   ########  #########  ######  ######
     ##        ##  ##    ##  ##       ##     ## ##     ##       ## ##
     ##       #### ##     ## ######## ########  ##     ##  ######  ########

You're about to initialize a Firebase project in this directory:

  D:\Web Development\todo-app-firebase

Before we get started, keep in mind:

  * You are initializing in an existing Firebase project directory

